<?xml version="1.0" encoding="UTF-8"?>
<!-- Generated by org.testng.reporters.JUnitReportReporter -->
<testsuite hostname="DESKTOP-UCC7NDI" failures="0" tests="1" name="com.demo.E_commerce.test1" time="3.373" errors="0" timestamp="2022-10-10T09:39:29 IST" skipped="0">
  <testcase classname="com.demo.E_commerce.test1" name="TitleTest" time="3.373"/>
  <system-out/>
</testsuite> <!-- com.demo.E_commerce.test1 -->
