<?xml version="1.0" encoding="UTF-8"?>
<!-- Generated by org.testng.reporters.JUnitReportReporter -->
<testsuite hostname="DESKTOP-UCC7NDI" failures="0" tests="1" name="com.simplilearn.demo.mAadharTest" time="8.885" errors="0" timestamp="2022-10-14T00:51:17 IST" skipped="0">
  <testcase classname="com.simplilearn.demo.mAadharTest" name="launchChrome" time="8.885"/>
  <system-out/>
</testsuite> <!-- com.simplilearn.demo.mAadharTest -->
