<?xml version="1.0" encoding="UTF-8"?>
<!-- Generated by org.testng.reporters.JUnitReportReporter -->
<testsuite hostname="DESKTOP-UCC7NDI" failures="0" tests="1" name="com.simplilearn.demo.FacebookLogin" time="4.185" errors="0" timestamp="2022-09-30T18:56:25 IST" skipped="0">
  <testcase classname="com.simplilearn.demo.FacebookLogin" name="facebook" time="4.185"/>
  <system-out/>
</testsuite> <!-- com.simplilearn.demo.FacebookLogin -->
