<?xml version="1.0" encoding="UTF-8"?>
<!-- Generated by org.testng.reporters.JUnitReportReporter -->
<testsuite hostname="DESKTOP-UCC7NDI" failures="0" tests="2" name="com.simplilearn.demo.FirsttestDemo" time="0.013" errors="0" timestamp="2022-09-30T18:56:25 IST" skipped="0">
  <testcase classname="com.simplilearn.demo.FirsttestDemo" name="Hello" time="0.006"/>
  <system-out/>
  <testcase classname="com.simplilearn.demo.FirsttestDemo" name="Hello1" time="0.007"/>
  <system-out/>
</testsuite> <!-- com.simplilearn.demo.FirsttestDemo -->
